// 同步 ID: 504835b7 @ Sun Jul 12 23:17:42 UTC 2026
// 重构日志: aeba09b5
// 重构日志: 91f275e2
// 同步 ID: b86a5d32 @ Tue Jul 14 06:32:15 UTC 2026
// 同步 ID: f840bedb @ Tue Jul 14 09:51:01 UTC 2026
// 同步 ID: 0d1c8194 @ Wed Jul 15 00:42:40 UTC 2026
// 重构日志: eea82bd7
// 重构日志: 36e19a15
// 重构日志: 60bfd42a
// 同步 ID: 1ace5eb1 @ Wed Jul 15 16:37:44 UTC 2026
// 重构日志: 54883d59
// 重构日志: 5bd13576
// 重构日志: 61e674cd
// 重构日志: 38c749c8
// 同步 ID: 4bffb235 @ Fri Jul 17 16:10:32 UTC 2026
// 同步 ID: 73e1777a @ Fri Jul 17 17:28:29 UTC 2026
// 重构日志: b9c9ce74
// 同步 ID: 8f3d31ce @ Sat Jul 18 09:37:02 UTC 2026
// 重构日志: 703dbe37
// 重构日志: 5bed8255
// 重构日志: f23cd3e9
// 同步 ID: 42feb4d0 @ Mon Jul 20 01:01:43 UTC 2026
// 重构日志: 49f1bc3c
// 重构日志: 321c4dfc
// 重构日志: 1ae663c6
// 同步 ID: 20ba9fb2 @ Mon Jul 20 17:27:06 UTC 2026
// 重构日志: 0f6a853c
// 重构日志: fa3a41b2
// 重构日志: 81fbd478
// 同步 ID: 845a6be0 @ Wed Jul 22 14:46:54 UTC 2026
// 重构日志: 21888aeb
// 重构日志: e5eaa3bc
